2025-01-13 20:38:17.204 [main]  INFO  c.e.Project3.Project3Application - Starting Project3Application using Java 23.0.1 with PID 65469 (/Users/rajatsingh/Downloads/Project3/build/classes/java/main started by rajatsingh in /Users/rajatsingh/Downloads/Project3)
2025-01-13 20:38:17.205 [main]  INFO  c.e.Project3.Project3Application - No active profile set, falling back to 1 default profile: "default"
2025-01-13 20:38:17.782 [main]  INFO  o.s.b.w.e.tomcat.TomcatWebServer - Tomcat initialized with port 8090 (http)
2025-01-13 20:38:17.788 [main]  INFO  o.a.coyote.http11.Http11NioProtocol - Initializing ProtocolHandler ["http-nio-8090"]
2025-01-13 20:38:17.790 [main]  INFO  o.a.catalina.core.StandardService - Starting service [Tomcat]
2025-01-13 20:38:17.790 [main]  INFO  o.a.catalina.core.StandardEngine - Starting Servlet engine: [Apache Tomcat/10.1.34]
2025-01-13 20:38:17.823 [main]  INFO  o.a.c.c.C.[Tomcat].[localhost].[/] - Initializing Spring embedded WebApplicationContext
2025-01-13 20:38:17.823 [main]  INFO  o.s.b.w.s.c.ServletWebServerApplicationContext - Root WebApplicationContext: initialization completed in 590 ms
2025-01-13 20:38:18.109 [main]  INFO  o.s.b.a.e.web.EndpointLinksResolver - Exposing 1 endpoint beneath base path '/actuator'
2025-01-13 20:38:18.128 [main]  INFO  o.a.coyote.http11.Http11NioProtocol - Starting ProtocolHandler ["http-nio-8090"]
2025-01-13 20:38:18.143 [main]  INFO  o.s.b.w.e.tomcat.TomcatWebServer - Tomcat started on port 8090 (http) with context path '/'
2025-01-13 20:38:18.157 [main]  INFO  c.e.Project3.Project3Application - Started Project3Application in 1.214 seconds (process running for 1.406)
2025-01-13 20:39:36.020 [http-nio-8090-exec-2]  INFO  o.a.c.c.C.[Tomcat].[localhost].[/] - Initializing Spring DispatcherServlet 'dispatcherServlet'
2025-01-13 20:39:36.021 [http-nio-8090-exec-2]  INFO  o.s.web.servlet.DispatcherServlet - Initializing Servlet 'dispatcherServlet'
2025-01-13 20:39:36.024 [http-nio-8090-exec-2]  INFO  o.s.web.servlet.DispatcherServlet - Completed initialization in 3 ms
2025-01-13 20:39:36.102 [http-nio-8090-exec-2]  ERROR o.a.c.c.C.[.[.[.[dispatcherServlet] - Servlet.service() for servlet [dispatcherServlet] in context with path [] threw exception [Request processing failed: java.lang.NullPointerException: Cannot invoke "String.concat(String)" because the return value of "com.example.Project3.dto.NameDateDto.getName()" is null] with root cause
java.lang.NullPointerException: Cannot invoke "String.concat(String)" because the return value of "com.example.Project3.dto.NameDateDto.getName()" is null
	at com.example.Project3.service.NameProcessor.concatenatedName(NameProcessor.java:10)
	at com.example.Project3.controller.Controller.processRequest(Controller.java:29)
	at java.base/jdk.internal.reflect.DirectMethodHandleAccessor.invoke(DirectMethodHandleAccessor.java:103)
	at java.base/java.lang.reflect.Method.invoke(Method.java:580)
	at org.springframework.web.method.support.InvocableHandlerMethod.doInvoke(InvocableHandlerMethod.java:257)
	at org.springframework.web.method.support.InvocableHandlerMethod.invokeForRequest(InvocableHandlerMethod.java:190)
	at org.springframework.web.servlet.mvc.method.annotation.ServletInvocableHandlerMethod.invokeAndHandle(ServletInvocableHandlerMethod.java:118)
	at org.springframework.web.servlet.mvc.method.annotation.RequestMappingHandlerAdapter.invokeHandlerMethod(RequestMappingHandlerAdapter.java:986)
	at org.springframework.web.servlet.mvc.method.annotation.RequestMappingHandlerAdapter.handleInternal(RequestMappingHandlerAdapter.java:891)
	at org.springframework.web.servlet.mvc.method.AbstractHandlerMethodAdapter.handle(AbstractHandlerMethodAdapter.java:87)
	at org.springframework.web.servlet.DispatcherServlet.doDispatch(DispatcherServlet.java:1088)
	at org.springframework.web.servlet.DispatcherServlet.doService(DispatcherServlet.java:978)
	at org.springframework.web.servlet.FrameworkServlet.processRequest(FrameworkServlet.java:1014)
	at org.springframework.web.servlet.FrameworkServlet.doPost(FrameworkServlet.java:914)
	at jakarta.servlet.http.HttpServlet.service(HttpServlet.java:590)
	at org.springframework.web.servlet.FrameworkServlet.service(FrameworkServlet.java:885)
	at jakarta.servlet.http.HttpServlet.service(HttpServlet.java:658)
	at org.apache.catalina.core.ApplicationFilterChain.internalDoFilter(ApplicationFilterChain.java:195)
	at org.apache.catalina.core.ApplicationFilterChain.doFilter(ApplicationFilterChain.java:140)
	at org.apache.tomcat.websocket.server.WsFilter.doFilter(WsFilter.java:51)
	at org.apache.catalina.core.ApplicationFilterChain.internalDoFilter(ApplicationFilterChain.java:164)
	at org.apache.catalina.core.ApplicationFilterChain.doFilter(ApplicationFilterChain.java:140)
	at org.springframework.web.filter.RequestContextFilter.doFilterInternal(RequestContextFilter.java:100)
	at org.springframework.web.filter.OncePerRequestFilter.doFilter(OncePerRequestFilter.java:116)
	at org.apache.catalina.core.ApplicationFilterChain.internalDoFilter(ApplicationFilterChain.java:164)
	at org.apache.catalina.core.ApplicationFilterChain.doFilter(ApplicationFilterChain.java:140)
	at org.springframework.web.filter.FormContentFilter.doFilterInternal(FormContentFilter.java:93)
	at org.springframework.web.filter.OncePerRequestFilter.doFilter(OncePerRequestFilter.java:116)
	at org.apache.catalina.core.ApplicationFilterChain.internalDoFilter(ApplicationFilterChain.java:164)
	at org.apache.catalina.core.ApplicationFilterChain.doFilter(ApplicationFilterChain.java:140)
	at org.springframework.web.filter.ServerHttpObservationFilter.doFilterInternal(ServerHttpObservationFilter.java:114)
	at org.springframework.web.filter.OncePerRequestFilter.doFilter(OncePerRequestFilter.java:116)
	at org.apache.catalina.core.ApplicationFilterChain.internalDoFilter(ApplicationFilterChain.java:164)
	at org.apache.catalina.core.ApplicationFilterChain.doFilter(ApplicationFilterChain.java:140)
	at org.springframework.web.filter.CharacterEncodingFilter.doFilterInternal(CharacterEncodingFilter.java:201)
	at org.springframework.web.filter.OncePerRequestFilter.doFilter(OncePerRequestFilter.java:116)
	at org.apache.catalina.core.ApplicationFilterChain.internalDoFilter(ApplicationFilterChain.java:164)
	at org.apache.catalina.core.ApplicationFilterChain.doFilter(ApplicationFilterChain.java:140)
	at org.apache.catalina.core.StandardWrapperValve.invoke(StandardWrapperValve.java:167)
	at org.apache.catalina.core.StandardContextValve.invoke(StandardContextValve.java:90)
	at org.apache.catalina.authenticator.AuthenticatorBase.invoke(AuthenticatorBase.java:483)
	at org.apache.catalina.core.StandardHostValve.invoke(StandardHostValve.java:115)
	at org.apache.catalina.valves.ErrorReportValve.invoke(ErrorReportValve.java:93)
	at org.apache.catalina.core.StandardEngineValve.invoke(StandardEngineValve.java:74)
	at org.apache.catalina.connector.CoyoteAdapter.service(CoyoteAdapter.java:344)
	at org.apache.coyote.http11.Http11Processor.service(Http11Processor.java:397)
	at org.apache.coyote.AbstractProcessorLight.process(AbstractProcessorLight.java:63)
	at org.apache.coyote.AbstractProtocol$ConnectionHandler.process(AbstractProtocol.java:905)
	at org.apache.tomcat.util.net.NioEndpoint$SocketProcessor.doRun(NioEndpoint.java:1741)
	at org.apache.tomcat.util.net.SocketProcessorBase.run(SocketProcessorBase.java:52)
	at org.apache.tomcat.util.threads.ThreadPoolExecutor.runWorker(ThreadPoolExecutor.java:1190)
	at org.apache.tomcat.util.threads.ThreadPoolExecutor$Worker.run(ThreadPoolExecutor.java:659)
	at org.apache.tomcat.util.threads.TaskThread$WrappingRunnable.run(TaskThread.java:63)
	at java.base/java.lang.Thread.run(Thread.java:1575)
2025-01-13 20:40:02.835 [http-nio-8090-exec-3]  ERROR o.a.c.c.C.[.[.[.[dispatcherServlet] - Servlet.service() for servlet [dispatcherServlet] in context with path [] threw exception [Request processing failed: java.lang.NullPointerException: Cannot invoke "String.isEmpty()" because "str" is null] with root cause
java.lang.NullPointerException: Cannot invoke "String.isEmpty()" because "str" is null
	at java.base/java.lang.String.concat(String.java:2987)
	at com.example.Project3.service.NameProcessor.concatenatedName(NameProcessor.java:10)
	at com.example.Project3.controller.Controller.processRequest(Controller.java:29)
	at java.base/jdk.internal.reflect.DirectMethodHandleAccessor.invoke(DirectMethodHandleAccessor.java:103)
	at java.base/java.lang.reflect.Method.invoke(Method.java:580)
	at org.springframework.web.method.support.InvocableHandlerMethod.doInvoke(InvocableHandlerMethod.java:257)
	at org.springframework.web.method.support.InvocableHandlerMethod.invokeForRequest(InvocableHandlerMethod.java:190)
	at org.springframework.web.servlet.mvc.method.annotation.ServletInvocableHandlerMethod.invokeAndHandle(ServletInvocableHandlerMethod.java:118)
	at org.springframework.web.servlet.mvc.method.annotation.RequestMappingHandlerAdapter.invokeHandlerMethod(RequestMappingHandlerAdapter.java:986)
	at org.springframework.web.servlet.mvc.method.annotation.RequestMappingHandlerAdapter.handleInternal(RequestMappingHandlerAdapter.java:891)
	at org.springframework.web.servlet.mvc.method.AbstractHandlerMethodAdapter.handle(AbstractHandlerMethodAdapter.java:87)
	at org.springframework.web.servlet.DispatcherServlet.doDispatch(DispatcherServlet.java:1088)
	at org.springframework.web.servlet.DispatcherServlet.doService(DispatcherServlet.java:978)
	at org.springframework.web.servlet.FrameworkServlet.processRequest(FrameworkServlet.java:1014)
	at org.springframework.web.servlet.FrameworkServlet.doPost(FrameworkServlet.java:914)
	at jakarta.servlet.http.HttpServlet.service(HttpServlet.java:590)
	at org.springframework.web.servlet.FrameworkServlet.service(FrameworkServlet.java:885)
	at jakarta.servlet.http.HttpServlet.service(HttpServlet.java:658)
	at org.apache.catalina.core.ApplicationFilterChain.internalDoFilter(ApplicationFilterChain.java:195)
	at org.apache.catalina.core.ApplicationFilterChain.doFilter(ApplicationFilterChain.java:140)
	at org.apache.tomcat.websocket.server.WsFilter.doFilter(WsFilter.java:51)
	at org.apache.catalina.core.ApplicationFilterChain.internalDoFilter(ApplicationFilterChain.java:164)
	at org.apache.catalina.core.ApplicationFilterChain.doFilter(ApplicationFilterChain.java:140)
	at org.springframework.web.filter.RequestContextFilter.doFilterInternal(RequestContextFilter.java:100)
	at org.springframework.web.filter.OncePerRequestFilter.doFilter(OncePerRequestFilter.java:116)
	at org.apache.catalina.core.ApplicationFilterChain.internalDoFilter(ApplicationFilterChain.java:164)
	at org.apache.catalina.core.ApplicationFilterChain.doFilter(ApplicationFilterChain.java:140)
	at org.springframework.web.filter.FormContentFilter.doFilterInternal(FormContentFilter.java:93)
	at org.springframework.web.filter.OncePerRequestFilter.doFilter(OncePerRequestFilter.java:116)
	at org.apache.catalina.core.ApplicationFilterChain.internalDoFilter(ApplicationFilterChain.java:164)
	at org.apache.catalina.core.ApplicationFilterChain.doFilter(ApplicationFilterChain.java:140)
	at org.springframework.web.filter.ServerHttpObservationFilter.doFilterInternal(ServerHttpObservationFilter.java:114)
	at org.springframework.web.filter.OncePerRequestFilter.doFilter(OncePerRequestFilter.java:116)
	at org.apache.catalina.core.ApplicationFilterChain.internalDoFilter(ApplicationFilterChain.java:164)
	at org.apache.catalina.core.ApplicationFilterChain.doFilter(ApplicationFilterChain.java:140)
	at org.springframework.web.filter.CharacterEncodingFilter.doFilterInternal(CharacterEncodingFilter.java:201)
	at org.springframework.web.filter.OncePerRequestFilter.doFilter(OncePerRequestFilter.java:116)
	at org.apache.catalina.core.ApplicationFilterChain.internalDoFilter(ApplicationFilterChain.java:164)
	at org.apache.catalina.core.ApplicationFilterChain.doFilter(ApplicationFilterChain.java:140)
	at org.apache.catalina.core.StandardWrapperValve.invoke(StandardWrapperValve.java:167)
	at org.apache.catalina.core.StandardContextValve.invoke(StandardContextValve.java:90)
	at org.apache.catalina.authenticator.AuthenticatorBase.invoke(AuthenticatorBase.java:483)
	at org.apache.catalina.core.StandardHostValve.invoke(StandardHostValve.java:115)
	at org.apache.catalina.valves.ErrorReportValve.invoke(ErrorReportValve.java:93)
	at org.apache.catalina.core.StandardEngineValve.invoke(StandardEngineValve.java:74)
	at org.apache.catalina.connector.CoyoteAdapter.service(CoyoteAdapter.java:344)
	at org.apache.coyote.http11.Http11Processor.service(Http11Processor.java:397)
	at org.apache.coyote.AbstractProcessorLight.process(AbstractProcessorLight.java:63)
	at org.apache.coyote.AbstractProtocol$ConnectionHandler.process(AbstractProtocol.java:905)
	at org.apache.tomcat.util.net.NioEndpoint$SocketProcessor.doRun(NioEndpoint.java:1741)
	at org.apache.tomcat.util.net.SocketProcessorBase.run(SocketProcessorBase.java:52)
	at org.apache.tomcat.util.threads.ThreadPoolExecutor.runWorker(ThreadPoolExecutor.java:1190)
	at org.apache.tomcat.util.threads.ThreadPoolExecutor$Worker.run(ThreadPoolExecutor.java:659)
	at org.apache.tomcat.util.threads.TaskThread$WrappingRunnable.run(TaskThread.java:63)
	at java.base/java.lang.Thread.run(Thread.java:1575)
2025-01-13 20:40:09.945 [http-nio-8090-exec-6]  ERROR o.a.c.c.C.[.[.[.[dispatcherServlet] - Servlet.service() for servlet [dispatcherServlet] in context with path [] threw exception [Request processing failed: java.lang.NullPointerException: Cannot invoke "String.isEmpty()" because "str" is null] with root cause
java.lang.NullPointerException: Cannot invoke "String.isEmpty()" because "str" is null
	at java.base/java.lang.String.concat(String.java:2987)
	at com.example.Project3.service.NameProcessor.concatenatedName(NameProcessor.java:10)
	at com.example.Project3.controller.Controller.processRequest(Controller.java:29)
	at java.base/jdk.internal.reflect.DirectMethodHandleAccessor.invoke(DirectMethodHandleAccessor.java:103)
	at java.base/java.lang.reflect.Method.invoke(Method.java:580)
	at org.springframework.web.method.support.InvocableHandlerMethod.doInvoke(InvocableHandlerMethod.java:257)
	at org.springframework.web.method.support.InvocableHandlerMethod.invokeForRequest(InvocableHandlerMethod.java:190)
	at org.springframework.web.servlet.mvc.method.annotation.ServletInvocableHandlerMethod.invokeAndHandle(ServletInvocableHandlerMethod.java:118)
	at org.springframework.web.servlet.mvc.method.annotation.RequestMappingHandlerAdapter.invokeHandlerMethod(RequestMappingHandlerAdapter.java:986)
	at org.springframework.web.servlet.mvc.method.annotation.RequestMappingHandlerAdapter.handleInternal(RequestMappingHandlerAdapter.java:891)
	at org.springframework.web.servlet.mvc.method.AbstractHandlerMethodAdapter.handle(AbstractHandlerMethodAdapter.java:87)
	at org.springframework.web.servlet.DispatcherServlet.doDispatch(DispatcherServlet.java:1088)
	at org.springframework.web.servlet.DispatcherServlet.doService(DispatcherServlet.java:978)
	at org.springframework.web.servlet.FrameworkServlet.processRequest(FrameworkServlet.java:1014)
	at org.springframework.web.servlet.FrameworkServlet.doPost(FrameworkServlet.java:914)
	at jakarta.servlet.http.HttpServlet.service(HttpServlet.java:590)
	at org.springframework.web.servlet.FrameworkServlet.service(FrameworkServlet.java:885)
	at jakarta.servlet.http.HttpServlet.service(HttpServlet.java:658)
	at org.apache.catalina.core.ApplicationFilterChain.internalDoFilter(ApplicationFilterChain.java:195)
	at org.apache.catalina.core.ApplicationFilterChain.doFilter(ApplicationFilterChain.java:140)
	at org.apache.tomcat.websocket.server.WsFilter.doFilter(WsFilter.java:51)
	at org.apache.catalina.core.ApplicationFilterChain.internalDoFilter(ApplicationFilterChain.java:164)
	at org.apache.catalina.core.ApplicationFilterChain.doFilter(ApplicationFilterChain.java:140)
	at org.springframework.web.filter.RequestContextFilter.doFilterInternal(RequestContextFilter.java:100)
	at org.springframework.web.filter.OncePerRequestFilter.doFilter(OncePerRequestFilter.java:116)
	at org.apache.catalina.core.ApplicationFilterChain.internalDoFilter(ApplicationFilterChain.java:164)
	at org.apache.catalina.core.ApplicationFilterChain.doFilter(ApplicationFilterChain.java:140)
	at org.springframework.web.filter.FormContentFilter.doFilterInternal(FormContentFilter.java:93)
	at org.springframework.web.filter.OncePerRequestFilter.doFilter(OncePerRequestFilter.java:116)
	at org.apache.catalina.core.ApplicationFilterChain.internalDoFilter(ApplicationFilterChain.java:164)
	at org.apache.catalina.core.ApplicationFilterChain.doFilter(ApplicationFilterChain.java:140)
	at org.springframework.web.filter.ServerHttpObservationFilter.doFilterInternal(ServerHttpObservationFilter.java:114)
	at org.springframework.web.filter.OncePerRequestFilter.doFilter(OncePerRequestFilter.java:116)
	at org.apache.catalina.core.ApplicationFilterChain.internalDoFilter(ApplicationFilterChain.java:164)
	at org.apache.catalina.core.ApplicationFilterChain.doFilter(ApplicationFilterChain.java:140)
	at org.springframework.web.filter.CharacterEncodingFilter.doFilterInternal(CharacterEncodingFilter.java:201)
	at org.springframework.web.filter.OncePerRequestFilter.doFilter(OncePerRequestFilter.java:116)
	at org.apache.catalina.core.ApplicationFilterChain.internalDoFilter(ApplicationFilterChain.java:164)
	at org.apache.catalina.core.ApplicationFilterChain.doFilter(ApplicationFilterChain.java:140)
	at org.apache.catalina.core.StandardWrapperValve.invoke(StandardWrapperValve.java:167)
	at org.apache.catalina.core.StandardContextValve.invoke(StandardContextValve.java:90)
	at org.apache.catalina.authenticator.AuthenticatorBase.invoke(AuthenticatorBase.java:483)
	at org.apache.catalina.core.StandardHostValve.invoke(StandardHostValve.java:115)
	at org.apache.catalina.valves.ErrorReportValve.invoke(ErrorReportValve.java:93)
	at org.apache.catalina.core.StandardEngineValve.invoke(StandardEngineValve.java:74)
	at org.apache.catalina.connector.CoyoteAdapter.service(CoyoteAdapter.java:344)
	at org.apache.coyote.http11.Http11Processor.service(Http11Processor.java:397)
	at org.apache.coyote.AbstractProcessorLight.process(AbstractProcessorLight.java:63)
	at org.apache.coyote.AbstractProtocol$ConnectionHandler.process(AbstractProtocol.java:905)
	at org.apache.tomcat.util.net.NioEndpoint$SocketProcessor.doRun(NioEndpoint.java:1741)
	at org.apache.tomcat.util.net.SocketProcessorBase.run(SocketProcessorBase.java:52)
	at org.apache.tomcat.util.threads.ThreadPoolExecutor.runWorker(ThreadPoolExecutor.java:1190)
	at org.apache.tomcat.util.threads.ThreadPoolExecutor$Worker.run(ThreadPoolExecutor.java:659)
	at org.apache.tomcat.util.threads.TaskThread$WrappingRunnable.run(TaskThread.java:63)
	at java.base/java.lang.Thread.run(Thread.java:1575)
2025-01-13 20:40:18.121 [SpringApplicationShutdownHook]  INFO  o.s.b.w.e.tomcat.GracefulShutdown - Commencing graceful shutdown. Waiting for active requests to complete
2025-01-13 20:40:19.139 [tomcat-shutdown]  INFO  o.s.b.w.e.tomcat.GracefulShutdown - Graceful shutdown complete
2025-01-13 20:41:00.721 [main]  INFO  c.e.Project3.Project3Application - Starting Project3Application using Java 23.0.1 with PID 65629 (/Users/rajatsingh/Downloads/Project3/build/classes/java/main started by rajatsingh in /Users/rajatsingh/Downloads/Project3)
2025-01-13 20:41:00.722 [main]  INFO  c.e.Project3.Project3Application - No active profile set, falling back to 1 default profile: "default"
2025-01-13 20:41:01.286 [main]  INFO  o.s.b.w.e.tomcat.TomcatWebServer - Tomcat initialized with port 8090 (http)
2025-01-13 20:41:01.294 [main]  INFO  o.a.coyote.http11.Http11NioProtocol - Initializing ProtocolHandler ["http-nio-8090"]
2025-01-13 20:41:01.295 [main]  INFO  o.a.catalina.core.StandardService - Starting service [Tomcat]
2025-01-13 20:41:01.296 [main]  INFO  o.a.catalina.core.StandardEngine - Starting Servlet engine: [Apache Tomcat/10.1.34]
2025-01-13 20:41:01.334 [main]  INFO  o.a.c.c.C.[Tomcat].[localhost].[/] - Initializing Spring embedded WebApplicationContext
2025-01-13 20:41:01.335 [main]  INFO  o.s.b.w.s.c.ServletWebServerApplicationContext - Root WebApplicationContext: initialization completed in 584 ms
2025-01-13 20:41:01.626 [main]  INFO  o.s.b.a.e.web.EndpointLinksResolver - Exposing 1 endpoint beneath base path '/actuator'
2025-01-13 20:41:01.645 [main]  INFO  o.a.coyote.http11.Http11NioProtocol - Starting ProtocolHandler ["http-nio-8090"]
2025-01-13 20:41:01.659 [main]  INFO  o.s.b.w.e.tomcat.TomcatWebServer - Tomcat started on port 8090 (http) with context path '/'
2025-01-13 20:41:01.673 [main]  INFO  c.e.Project3.Project3Application - Started Project3Application in 1.211 seconds (process running for 1.425)
2025-01-13 20:41:04.447 [http-nio-8090-exec-2]  INFO  o.a.c.c.C.[Tomcat].[localhost].[/] - Initializing Spring DispatcherServlet 'dispatcherServlet'
2025-01-13 20:41:04.447 [http-nio-8090-exec-2]  INFO  o.s.web.servlet.DispatcherServlet - Initializing Servlet 'dispatcherServlet'
2025-01-13 20:41:04.448 [http-nio-8090-exec-2]  INFO  o.s.web.servlet.DispatcherServlet - Completed initialization in 1 ms
2025-01-13 20:41:04.506 [http-nio-8090-exec-2] 67852d0867ca1c47a45223270865e895 INFO  c.e.Project3.controller.Controller - Request receive={}com.example.Project3.model.NameDate@523e84b1
2025-01-13 20:41:04.510 [http-nio-8090-exec-2]  ERROR o.a.c.c.C.[.[.[.[dispatcherServlet] - Servlet.service() for servlet [dispatcherServlet] in context with path [] threw exception [Request processing failed: java.lang.NullPointerException: Cannot invoke "String.isEmpty()" because "str" is null] with root cause
java.lang.NullPointerException: Cannot invoke "String.isEmpty()" because "str" is null
	at java.base/java.lang.String.concat(String.java:2987)
	at com.example.Project3.service.NameProcessor.concatenatedName(NameProcessor.java:10)
	at com.example.Project3.controller.Controller.processRequest(Controller.java:30)
	at java.base/jdk.internal.reflect.DirectMethodHandleAccessor.invoke(DirectMethodHandleAccessor.java:103)
	at java.base/java.lang.reflect.Method.invoke(Method.java:580)
	at org.springframework.web.method.support.InvocableHandlerMethod.doInvoke(InvocableHandlerMethod.java:257)
	at org.springframework.web.method.support.InvocableHandlerMethod.invokeForRequest(InvocableHandlerMethod.java:190)
	at org.springframework.web.servlet.mvc.method.annotation.ServletInvocableHandlerMethod.invokeAndHandle(ServletInvocableHandlerMethod.java:118)
	at org.springframework.web.servlet.mvc.method.annotation.RequestMappingHandlerAdapter.invokeHandlerMethod(RequestMappingHandlerAdapter.java:986)
	at org.springframework.web.servlet.mvc.method.annotation.RequestMappingHandlerAdapter.handleInternal(RequestMappingHandlerAdapter.java:891)
	at org.springframework.web.servlet.mvc.method.AbstractHandlerMethodAdapter.handle(AbstractHandlerMethodAdapter.java:87)
	at org.springframework.web.servlet.DispatcherServlet.doDispatch(DispatcherServlet.java:1088)
	at org.springframework.web.servlet.DispatcherServlet.doService(DispatcherServlet.java:978)
	at org.springframework.web.servlet.FrameworkServlet.processRequest(FrameworkServlet.java:1014)
	at org.springframework.web.servlet.FrameworkServlet.doPost(FrameworkServlet.java:914)
	at jakarta.servlet.http.HttpServlet.service(HttpServlet.java:590)
	at org.springframework.web.servlet.FrameworkServlet.service(FrameworkServlet.java:885)
	at jakarta.servlet.http.HttpServlet.service(HttpServlet.java:658)
	at org.apache.catalina.core.ApplicationFilterChain.internalDoFilter(ApplicationFilterChain.java:195)
	at org.apache.catalina.core.ApplicationFilterChain.doFilter(ApplicationFilterChain.java:140)
	at org.apache.tomcat.websocket.server.WsFilter.doFilter(WsFilter.java:51)
	at org.apache.catalina.core.ApplicationFilterChain.internalDoFilter(ApplicationFilterChain.java:164)
	at org.apache.catalina.core.ApplicationFilterChain.doFilter(ApplicationFilterChain.java:140)
	at org.springframework.web.filter.RequestContextFilter.doFilterInternal(RequestContextFilter.java:100)
	at org.springframework.web.filter.OncePerRequestFilter.doFilter(OncePerRequestFilter.java:116)
	at org.apache.catalina.core.ApplicationFilterChain.internalDoFilter(ApplicationFilterChain.java:164)
	at org.apache.catalina.core.ApplicationFilterChain.doFilter(ApplicationFilterChain.java:140)
	at org.springframework.web.filter.FormContentFilter.doFilterInternal(FormContentFilter.java:93)
	at org.springframework.web.filter.OncePerRequestFilter.doFilter(OncePerRequestFilter.java:116)
	at org.apache.catalina.core.ApplicationFilterChain.internalDoFilter(ApplicationFilterChain.java:164)
	at org.apache.catalina.core.ApplicationFilterChain.doFilter(ApplicationFilterChain.java:140)
	at org.springframework.web.filter.ServerHttpObservationFilter.doFilterInternal(ServerHttpObservationFilter.java:114)
	at org.springframework.web.filter.OncePerRequestFilter.doFilter(OncePerRequestFilter.java:116)
	at org.apache.catalina.core.ApplicationFilterChain.internalDoFilter(ApplicationFilterChain.java:164)
	at org.apache.catalina.core.ApplicationFilterChain.doFilter(ApplicationFilterChain.java:140)
	at org.springframework.web.filter.CharacterEncodingFilter.doFilterInternal(CharacterEncodingFilter.java:201)
	at org.springframework.web.filter.OncePerRequestFilter.doFilter(OncePerRequestFilter.java:116)
	at org.apache.catalina.core.ApplicationFilterChain.internalDoFilter(ApplicationFilterChain.java:164)
	at org.apache.catalina.core.ApplicationFilterChain.doFilter(ApplicationFilterChain.java:140)
	at org.apache.catalina.core.StandardWrapperValve.invoke(StandardWrapperValve.java:167)
	at org.apache.catalina.core.StandardContextValve.invoke(StandardContextValve.java:90)
	at org.apache.catalina.authenticator.AuthenticatorBase.invoke(AuthenticatorBase.java:483)
	at org.apache.catalina.core.StandardHostValve.invoke(StandardHostValve.java:115)
	at org.apache.catalina.valves.ErrorReportValve.invoke(ErrorReportValve.java:93)
	at org.apache.catalina.core.StandardEngineValve.invoke(StandardEngineValve.java:74)
	at org.apache.catalina.connector.CoyoteAdapter.service(CoyoteAdapter.java:344)
	at org.apache.coyote.http11.Http11Processor.service(Http11Processor.java:397)
	at org.apache.coyote.AbstractProcessorLight.process(AbstractProcessorLight.java:63)
	at org.apache.coyote.AbstractProtocol$ConnectionHandler.process(AbstractProtocol.java:905)
	at org.apache.tomcat.util.net.NioEndpoint$SocketProcessor.doRun(NioEndpoint.java:1741)
	at org.apache.tomcat.util.net.SocketProcessorBase.run(SocketProcessorBase.java:52)
	at org.apache.tomcat.util.threads.ThreadPoolExecutor.runWorker(ThreadPoolExecutor.java:1190)
	at org.apache.tomcat.util.threads.ThreadPoolExecutor$Worker.run(ThreadPoolExecutor.java:659)
	at org.apache.tomcat.util.threads.TaskThread$WrappingRunnable.run(TaskThread.java:63)
	at java.base/java.lang.Thread.run(Thread.java:1575)
2025-01-13 20:41:28.219 [SpringApplicationShutdownHook]  INFO  o.s.b.w.e.tomcat.GracefulShutdown - Commencing graceful shutdown. Waiting for active requests to complete
2025-01-13 20:41:28.232 [tomcat-shutdown]  INFO  o.s.b.w.e.tomcat.GracefulShutdown - Graceful shutdown complete
2025-01-13 20:41:49.517 [main]  INFO  c.e.Project3.Project3Application - Starting Project3Application using Java 23.0.1 with PID 65677 (/Users/rajatsingh/Downloads/Project3/build/classes/java/main started by rajatsingh in /Users/rajatsingh/Downloads/Project3)
2025-01-13 20:41:49.518 [main]  INFO  c.e.Project3.Project3Application - No active profile set, falling back to 1 default profile: "default"
2025-01-13 20:41:50.086 [main]  INFO  o.s.b.w.e.tomcat.TomcatWebServer - Tomcat initialized with port 8090 (http)
2025-01-13 20:41:50.098 [main]  INFO  o.a.coyote.http11.Http11NioProtocol - Initializing ProtocolHandler ["http-nio-8090"]
2025-01-13 20:41:50.099 [main]  INFO  o.a.catalina.core.StandardService - Starting service [Tomcat]
2025-01-13 20:41:50.099 [main]  INFO  o.a.catalina.core.StandardEngine - Starting Servlet engine: [Apache Tomcat/10.1.34]
2025-01-13 20:41:50.128 [main]  INFO  o.a.c.c.C.[Tomcat].[localhost].[/] - Initializing Spring embedded WebApplicationContext
2025-01-13 20:41:50.129 [main]  INFO  o.s.b.w.s.c.ServletWebServerApplicationContext - Root WebApplicationContext: initialization completed in 582 ms
2025-01-13 20:41:50.413 [main]  INFO  o.s.b.a.e.web.EndpointLinksResolver - Exposing 1 endpoint beneath base path '/actuator'
2025-01-13 20:41:50.432 [main]  INFO  o.a.coyote.http11.Http11NioProtocol - Starting ProtocolHandler ["http-nio-8090"]
2025-01-13 20:41:50.449 [main]  INFO  o.s.b.w.e.tomcat.TomcatWebServer - Tomcat started on port 8090 (http) with context path '/'
2025-01-13 20:41:50.462 [main]  INFO  c.e.Project3.Project3Application - Started Project3Application in 1.211 seconds (process running for 1.43)
2025-01-13 20:41:53.339 [http-nio-8090-exec-2]  INFO  o.a.c.c.C.[Tomcat].[localhost].[/] - Initializing Spring DispatcherServlet 'dispatcherServlet'
2025-01-13 20:41:53.339 [http-nio-8090-exec-2]  INFO  o.s.web.servlet.DispatcherServlet - Initializing Servlet 'dispatcherServlet'
2025-01-13 20:41:53.340 [http-nio-8090-exec-2]  INFO  o.s.web.servlet.DispatcherServlet - Completed initialization in 1 ms
2025-01-13 20:41:53.398 [http-nio-8090-exec-2] 67852d39752f0f4b211ad9e134f84493 INFO  c.e.Project3.controller.Controller - Request receive={}com.example.Project3.model.NameDate@55a22af2
2025-01-13 20:41:53.402 [http-nio-8090-exec-2]  ERROR o.a.c.c.C.[.[.[.[dispatcherServlet] - Servlet.service() for servlet [dispatcherServlet] in context with path [] threw exception [Request processing failed: java.lang.NullPointerException: Cannot invoke "String.isEmpty()" because "str" is null] with root cause
java.lang.NullPointerException: Cannot invoke "String.isEmpty()" because "str" is null
	at java.base/java.lang.String.concat(String.java:2987)
	at com.example.Project3.service.NameProcessor.concatenatedName(NameProcessor.java:10)
	at com.example.Project3.controller.Controller.processRequest(Controller.java:30)
	at java.base/jdk.internal.reflect.DirectMethodHandleAccessor.invoke(DirectMethodHandleAccessor.java:103)
	at java.base/java.lang.reflect.Method.invoke(Method.java:580)
	at org.springframework.web.method.support.InvocableHandlerMethod.doInvoke(InvocableHandlerMethod.java:257)
	at org.springframework.web.method.support.InvocableHandlerMethod.invokeForRequest(InvocableHandlerMethod.java:190)
	at org.springframework.web.servlet.mvc.method.annotation.ServletInvocableHandlerMethod.invokeAndHandle(ServletInvocableHandlerMethod.java:118)
	at org.springframework.web.servlet.mvc.method.annotation.RequestMappingHandlerAdapter.invokeHandlerMethod(RequestMappingHandlerAdapter.java:986)
	at org.springframework.web.servlet.mvc.method.annotation.RequestMappingHandlerAdapter.handleInternal(RequestMappingHandlerAdapter.java:891)
	at org.springframework.web.servlet.mvc.method.AbstractHandlerMethodAdapter.handle(AbstractHandlerMethodAdapter.java:87)
	at org.springframework.web.servlet.DispatcherServlet.doDispatch(DispatcherServlet.java:1088)
	at org.springframework.web.servlet.DispatcherServlet.doService(DispatcherServlet.java:978)
	at org.springframework.web.servlet.FrameworkServlet.processRequest(FrameworkServlet.java:1014)
	at org.springframework.web.servlet.FrameworkServlet.doPost(FrameworkServlet.java:914)
	at jakarta.servlet.http.HttpServlet.service(HttpServlet.java:590)
	at org.springframework.web.servlet.FrameworkServlet.service(FrameworkServlet.java:885)
	at jakarta.servlet.http.HttpServlet.service(HttpServlet.java:658)
	at org.apache.catalina.core.ApplicationFilterChain.internalDoFilter(ApplicationFilterChain.java:195)
	at org.apache.catalina.core.ApplicationFilterChain.doFilter(ApplicationFilterChain.java:140)
	at org.apache.tomcat.websocket.server.WsFilter.doFilter(WsFilter.java:51)
	at org.apache.catalina.core.ApplicationFilterChain.internalDoFilter(ApplicationFilterChain.java:164)
	at org.apache.catalina.core.ApplicationFilterChain.doFilter(ApplicationFilterChain.java:140)
	at org.springframework.web.filter.RequestContextFilter.doFilterInternal(RequestContextFilter.java:100)
	at org.springframework.web.filter.OncePerRequestFilter.doFilter(OncePerRequestFilter.java:116)
	at org.apache.catalina.core.ApplicationFilterChain.internalDoFilter(ApplicationFilterChain.java:164)
	at org.apache.catalina.core.ApplicationFilterChain.doFilter(ApplicationFilterChain.java:140)
	at org.springframework.web.filter.FormContentFilter.doFilterInternal(FormContentFilter.java:93)
	at org.springframework.web.filter.OncePerRequestFilter.doFilter(OncePerRequestFilter.java:116)
	at org.apache.catalina.core.ApplicationFilterChain.internalDoFilter(ApplicationFilterChain.java:164)
	at org.apache.catalina.core.ApplicationFilterChain.doFilter(ApplicationFilterChain.java:140)
	at org.springframework.web.filter.ServerHttpObservationFilter.doFilterInternal(ServerHttpObservationFilter.java:114)
	at org.springframework.web.filter.OncePerRequestFilter.doFilter(OncePerRequestFilter.java:116)
	at org.apache.catalina.core.ApplicationFilterChain.internalDoFilter(ApplicationFilterChain.java:164)
	at org.apache.catalina.core.ApplicationFilterChain.doFilter(ApplicationFilterChain.java:140)
	at org.springframework.web.filter.CharacterEncodingFilter.doFilterInternal(CharacterEncodingFilter.java:201)
	at org.springframework.web.filter.OncePerRequestFilter.doFilter(OncePerRequestFilter.java:116)
	at org.apache.catalina.core.ApplicationFilterChain.internalDoFilter(ApplicationFilterChain.java:164)
	at org.apache.catalina.core.ApplicationFilterChain.doFilter(ApplicationFilterChain.java:140)
	at org.apache.catalina.core.StandardWrapperValve.invoke(StandardWrapperValve.java:167)
	at org.apache.catalina.core.StandardContextValve.invoke(StandardContextValve.java:90)
	at org.apache.catalina.authenticator.AuthenticatorBase.invoke(AuthenticatorBase.java:483)
	at org.apache.catalina.core.StandardHostValve.invoke(StandardHostValve.java:115)
	at org.apache.catalina.valves.ErrorReportValve.invoke(ErrorReportValve.java:93)
	at org.apache.catalina.core.StandardEngineValve.invoke(StandardEngineValve.java:74)
	at org.apache.catalina.connector.CoyoteAdapter.service(CoyoteAdapter.java:344)
	at org.apache.coyote.http11.Http11Processor.service(Http11Processor.java:397)
	at org.apache.coyote.AbstractProcessorLight.process(AbstractProcessorLight.java:63)
	at org.apache.coyote.AbstractProtocol$ConnectionHandler.process(AbstractProtocol.java:905)
	at org.apache.tomcat.util.net.NioEndpoint$SocketProcessor.doRun(NioEndpoint.java:1741)
	at org.apache.tomcat.util.net.SocketProcessorBase.run(SocketProcessorBase.java:52)
	at org.apache.tomcat.util.threads.ThreadPoolExecutor.runWorker(ThreadPoolExecutor.java:1190)
	at org.apache.tomcat.util.threads.ThreadPoolExecutor$Worker.run(ThreadPoolExecutor.java:659)
	at org.apache.tomcat.util.threads.TaskThread$WrappingRunnable.run(TaskThread.java:63)
	at java.base/java.lang.Thread.run(Thread.java:1575)
2025-01-13 20:42:17.790 [SpringApplicationShutdownHook]  INFO  o.s.b.w.e.tomcat.GracefulShutdown - Commencing graceful shutdown. Waiting for active requests to complete
2025-01-13 20:42:17.804 [tomcat-shutdown]  INFO  o.s.b.w.e.tomcat.GracefulShutdown - Graceful shutdown complete
2025-01-13 20:42:19.890 [main]  INFO  c.e.Project3.Project3Application - Starting Project3Application using Java 23.0.1 with PID 65708 (/Users/rajatsingh/Downloads/Project3/build/classes/java/main started by rajatsingh in /Users/rajatsingh/Downloads/Project3)
2025-01-13 20:42:19.891 [main]  INFO  c.e.Project3.Project3Application - No active profile set, falling back to 1 default profile: "default"
2025-01-13 20:42:20.509 [main]  INFO  o.s.b.w.e.tomcat.TomcatWebServer - Tomcat initialized with port 8090 (http)
2025-01-13 20:42:20.516 [main]  INFO  o.a.coyote.http11.Http11NioProtocol - Initializing ProtocolHandler ["http-nio-8090"]
2025-01-13 20:42:20.517 [main]  INFO  o.a.catalina.core.StandardService - Starting service [Tomcat]
2025-01-13 20:42:20.517 [main]  INFO  o.a.catalina.core.StandardEngine - Starting Servlet engine: [Apache Tomcat/10.1.34]
2025-01-13 20:42:20.551 [main]  INFO  o.a.c.c.C.[Tomcat].[localhost].[/] - Initializing Spring embedded WebApplicationContext
2025-01-13 20:42:20.552 [main]  INFO  o.s.b.w.s.c.ServletWebServerApplicationContext - Root WebApplicationContext: initialization completed in 630 ms
2025-01-13 20:42:20.865 [main]  INFO  o.s.b.a.e.web.EndpointLinksResolver - Exposing 1 endpoint beneath base path '/actuator'
2025-01-13 20:42:20.887 [main]  INFO  o.a.coyote.http11.Http11NioProtocol - Starting ProtocolHandler ["http-nio-8090"]
2025-01-13 20:42:20.910 [main]  INFO  o.s.b.w.e.tomcat.TomcatWebServer - Tomcat started on port 8090 (http) with context path '/'
2025-01-13 20:42:20.926 [main]  INFO  c.e.Project3.Project3Application - Started Project3Application in 1.413 seconds (process running for 1.735)
2025-01-13 20:44:06.135 [main]  INFO  c.e.Project3.Project3Application - Starting Project3Application using Java 23.0.1 with PID 65851 (/Users/rajatsingh/Downloads/Project3/build/classes/java/main started by rajatsingh in /Users/rajatsingh/Downloads/Project3)
2025-01-13 20:44:06.136 [main]  INFO  c.e.Project3.Project3Application - No active profile set, falling back to 1 default profile: "default"
2025-01-13 20:44:06.702 [main]  INFO  o.s.b.w.e.tomcat.TomcatWebServer - Tomcat initialized with port 8090 (http)
2025-01-13 20:44:06.717 [main]  INFO  o.a.coyote.http11.Http11NioProtocol - Initializing ProtocolHandler ["http-nio-8090"]
2025-01-13 20:44:06.719 [main]  INFO  o.a.catalina.core.StandardService - Starting service [Tomcat]
2025-01-13 20:44:06.719 [main]  INFO  o.a.catalina.core.StandardEngine - Starting Servlet engine: [Apache Tomcat/10.1.34]
2025-01-13 20:44:06.754 [main]  INFO  o.a.c.c.C.[Tomcat].[localhost].[/] - Initializing Spring embedded WebApplicationContext
2025-01-13 20:44:06.755 [main]  INFO  o.s.b.w.s.c.ServletWebServerApplicationContext - Root WebApplicationContext: initialization completed in 590 ms
2025-01-13 20:44:07.112 [main]  INFO  o.s.b.a.e.web.EndpointLinksResolver - Exposing 1 endpoint beneath base path '/actuator'
2025-01-13 20:44:07.135 [main]  INFO  o.a.coyote.http11.Http11NioProtocol - Starting ProtocolHandler ["http-nio-8090"]
2025-01-13 20:44:07.150 [main]  INFO  o.s.b.w.e.tomcat.TomcatWebServer - Tomcat started on port 8090 (http) with context path '/'
2025-01-13 20:44:07.163 [main]  INFO  c.e.Project3.Project3Application - Started Project3Application in 1.279 seconds (process running for 1.469)
2025-01-13 20:44:10.161 [http-nio-8090-exec-1]  INFO  o.a.c.c.C.[Tomcat].[localhost].[/] - Initializing Spring DispatcherServlet 'dispatcherServlet'
2025-01-13 20:44:10.161 [http-nio-8090-exec-1]  INFO  o.s.web.servlet.DispatcherServlet - Initializing Servlet 'dispatcherServlet'
2025-01-13 20:44:10.162 [http-nio-8090-exec-1]  INFO  o.s.web.servlet.DispatcherServlet - Completed initialization in 1 ms
2025-01-13 20:44:10.227 [http-nio-8090-exec-1] 67852dc2b131889403023aa22cf4527e INFO  c.e.Project3.controller.Controller - Request receive={}NameDate{name='John', Surname='Doe'}
2025-01-13 20:44:10.227 [http-nio-8090-exec-1] 67852dc2b131889403023aa22cf4527e INFO  c.e.Project3.service.NameProcessor - Process data =NameDateDto{name='John', surname='null'}
2025-01-13 20:44:10.230 [http-nio-8090-exec-1]  ERROR o.a.c.c.C.[.[.[.[dispatcherServlet] - Servlet.service() for servlet [dispatcherServlet] in context with path [] threw exception [Request processing failed: java.lang.NullPointerException: Cannot invoke "String.isEmpty()" because "str" is null] with root cause
java.lang.NullPointerException: Cannot invoke "String.isEmpty()" because "str" is null
	at java.base/java.lang.String.concat(String.java:2987)
	at com.example.Project3.service.NameProcessor.concatenatedName(NameProcessor.java:18)
	at com.example.Project3.controller.Controller.processRequest(Controller.java:30)
	at java.base/jdk.internal.reflect.DirectMethodHandleAccessor.invoke(DirectMethodHandleAccessor.java:103)
	at java.base/java.lang.reflect.Method.invoke(Method.java:580)
	at org.springframework.web.method.support.InvocableHandlerMethod.doInvoke(InvocableHandlerMethod.java:257)
	at org.springframework.web.method.support.InvocableHandlerMethod.invokeForRequest(InvocableHandlerMethod.java:190)
	at org.springframework.web.servlet.mvc.method.annotation.ServletInvocableHandlerMethod.invokeAndHandle(ServletInvocableHandlerMethod.java:118)
	at org.springframework.web.servlet.mvc.method.annotation.RequestMappingHandlerAdapter.invokeHandlerMethod(RequestMappingHandlerAdapter.java:986)
	at org.springframework.web.servlet.mvc.method.annotation.RequestMappingHandlerAdapter.handleInternal(RequestMappingHandlerAdapter.java:891)
	at org.springframework.web.servlet.mvc.method.AbstractHandlerMethodAdapter.handle(AbstractHandlerMethodAdapter.java:87)
	at org.springframework.web.servlet.DispatcherServlet.doDispatch(DispatcherServlet.java:1088)
	at org.springframework.web.servlet.DispatcherServlet.doService(DispatcherServlet.java:978)
	at org.springframework.web.servlet.FrameworkServlet.processRequest(FrameworkServlet.java:1014)
	at org.springframework.web.servlet.FrameworkServlet.doPost(FrameworkServlet.java:914)
	at jakarta.servlet.http.HttpServlet.service(HttpServlet.java:590)
	at org.springframework.web.servlet.FrameworkServlet.service(FrameworkServlet.java:885)
	at jakarta.servlet.http.HttpServlet.service(HttpServlet.java:658)
	at org.apache.catalina.core.ApplicationFilterChain.internalDoFilter(ApplicationFilterChain.java:195)
	at org.apache.catalina.core.ApplicationFilterChain.doFilter(ApplicationFilterChain.java:140)
	at org.apache.tomcat.websocket.server.WsFilter.doFilter(WsFilter.java:51)
	at org.apache.catalina.core.ApplicationFilterChain.internalDoFilter(ApplicationFilterChain.java:164)
	at org.apache.catalina.core.ApplicationFilterChain.doFilter(ApplicationFilterChain.java:140)
	at org.springframework.web.filter.RequestContextFilter.doFilterInternal(RequestContextFilter.java:100)
	at org.springframework.web.filter.OncePerRequestFilter.doFilter(OncePerRequestFilter.java:116)
	at org.apache.catalina.core.ApplicationFilterChain.internalDoFilter(ApplicationFilterChain.java:164)
	at org.apache.catalina.core.ApplicationFilterChain.doFilter(ApplicationFilterChain.java:140)
	at org.springframework.web.filter.FormContentFilter.doFilterInternal(FormContentFilter.java:93)
	at org.springframework.web.filter.OncePerRequestFilter.doFilter(OncePerRequestFilter.java:116)
	at org.apache.catalina.core.ApplicationFilterChain.internalDoFilter(ApplicationFilterChain.java:164)
	at org.apache.catalina.core.ApplicationFilterChain.doFilter(ApplicationFilterChain.java:140)
	at org.springframework.web.filter.ServerHttpObservationFilter.doFilterInternal(ServerHttpObservationFilter.java:114)
	at org.springframework.web.filter.OncePerRequestFilter.doFilter(OncePerRequestFilter.java:116)
	at org.apache.catalina.core.ApplicationFilterChain.internalDoFilter(ApplicationFilterChain.java:164)
	at org.apache.catalina.core.ApplicationFilterChain.doFilter(ApplicationFilterChain.java:140)
	at org.springframework.web.filter.CharacterEncodingFilter.doFilterInternal(CharacterEncodingFilter.java:201)
	at org.springframework.web.filter.OncePerRequestFilter.doFilter(OncePerRequestFilter.java:116)
	at org.apache.catalina.core.ApplicationFilterChain.internalDoFilter(ApplicationFilterChain.java:164)
	at org.apache.catalina.core.ApplicationFilterChain.doFilter(ApplicationFilterChain.java:140)
	at org.apache.catalina.core.StandardWrapperValve.invoke(StandardWrapperValve.java:167)
	at org.apache.catalina.core.StandardContextValve.invoke(StandardContextValve.java:90)
	at org.apache.catalina.authenticator.AuthenticatorBase.invoke(AuthenticatorBase.java:483)
	at org.apache.catalina.core.StandardHostValve.invoke(StandardHostValve.java:115)
	at org.apache.catalina.valves.ErrorReportValve.invoke(ErrorReportValve.java:93)
	at org.apache.catalina.core.StandardEngineValve.invoke(StandardEngineValve.java:74)
	at org.apache.catalina.connector.CoyoteAdapter.service(CoyoteAdapter.java:344)
	at org.apache.coyote.http11.Http11Processor.service(Http11Processor.java:397)
	at org.apache.coyote.AbstractProcessorLight.process(AbstractProcessorLight.java:63)
	at org.apache.coyote.AbstractProtocol$ConnectionHandler.process(AbstractProtocol.java:905)
	at org.apache.tomcat.util.net.NioEndpoint$SocketProcessor.doRun(NioEndpoint.java:1741)
	at org.apache.tomcat.util.net.SocketProcessorBase.run(SocketProcessorBase.java:52)
	at org.apache.tomcat.util.threads.ThreadPoolExecutor.runWorker(ThreadPoolExecutor.java:1190)
	at org.apache.tomcat.util.threads.ThreadPoolExecutor$Worker.run(ThreadPoolExecutor.java:659)
	at org.apache.tomcat.util.threads.TaskThread$WrappingRunnable.run(TaskThread.java:63)
	at java.base/java.lang.Thread.run(Thread.java:1575)
2025-01-13 20:45:07.623 [SpringApplicationShutdownHook]  INFO  o.s.b.w.e.tomcat.GracefulShutdown - Commencing graceful shutdown. Waiting for active requests to complete
2025-01-13 20:45:07.636 [tomcat-shutdown]  INFO  o.s.b.w.e.tomcat.GracefulShutdown - Graceful shutdown complete
2025-01-13 20:45:10.076 [main]  INFO  c.e.Project3.Project3Application - Starting Project3Application using Java 23.0.1 with PID 65922 (/Users/rajatsingh/Downloads/Project3/build/classes/java/main started by rajatsingh in /Users/rajatsingh/Downloads/Project3)
2025-01-13 20:45:10.077 [main]  INFO  c.e.Project3.Project3Application - No active profile set, falling back to 1 default profile: "default"
2025-01-13 20:45:10.650 [main]  INFO  o.s.b.w.e.tomcat.TomcatWebServer - Tomcat initialized with port 8090 (http)
2025-01-13 20:45:10.656 [main]  INFO  o.a.coyote.http11.Http11NioProtocol - Initializing ProtocolHandler ["http-nio-8090"]
2025-01-13 20:45:10.663 [main]  INFO  o.a.catalina.core.StandardService - Starting service [Tomcat]
2025-01-13 20:45:10.663 [main]  INFO  o.a.catalina.core.StandardEngine - Starting Servlet engine: [Apache Tomcat/10.1.34]
2025-01-13 20:45:10.693 [main]  INFO  o.a.c.c.C.[Tomcat].[localhost].[/] - Initializing Spring embedded WebApplicationContext
2025-01-13 20:45:10.693 [main]  INFO  o.s.b.w.s.c.ServletWebServerApplicationContext - Root WebApplicationContext: initialization completed in 588 ms
2025-01-13 20:45:10.970 [main]  INFO  o.s.b.a.e.web.EndpointLinksResolver - Exposing 1 endpoint beneath base path '/actuator'
2025-01-13 20:45:10.989 [main]  INFO  o.a.coyote.http11.Http11NioProtocol - Starting ProtocolHandler ["http-nio-8090"]
2025-01-13 20:45:11.003 [main]  INFO  o.s.b.w.e.tomcat.TomcatWebServer - Tomcat started on port 8090 (http) with context path '/'
2025-01-13 20:45:11.017 [main]  INFO  c.e.Project3.Project3Application - Started Project3Application in 1.189 seconds (process running for 1.375)
2025-01-13 20:45:13.797 [http-nio-8090-exec-2]  INFO  o.a.c.c.C.[Tomcat].[localhost].[/] - Initializing Spring DispatcherServlet 'dispatcherServlet'
2025-01-13 20:45:13.797 [http-nio-8090-exec-2]  INFO  o.s.web.servlet.DispatcherServlet - Initializing Servlet 'dispatcherServlet'
2025-01-13 20:45:13.798 [http-nio-8090-exec-2]  INFO  o.s.web.servlet.DispatcherServlet - Completed initialization in 0 ms
2025-01-13 20:45:13.858 [http-nio-8090-exec-2] 67852e0176c3082ddef08ae32311009c INFO  c.e.Project3.controller.Controller - Request receive={}NameDate{name='John', Surname='Doe'}
2025-01-13 20:45:13.859 [http-nio-8090-exec-2] 67852e0176c3082ddef08ae32311009c INFO  c.e.Project3.service.NameProcessor - Process data =NameDateDto{name='John', surname='null'}
2025-01-13 20:45:13.863 [http-nio-8090-exec-2]  ERROR o.a.c.c.C.[.[.[.[dispatcherServlet] - Servlet.service() for servlet [dispatcherServlet] in context with path [] threw exception [Request processing failed: java.lang.NullPointerException: Cannot invoke "String.isEmpty()" because "str" is null] with root cause
java.lang.NullPointerException: Cannot invoke "String.isEmpty()" because "str" is null
	at java.base/java.lang.String.concat(String.java:2987)
	at com.example.Project3.service.NameProcessor.concatenatedName(NameProcessor.java:18)
	at com.example.Project3.controller.Controller.processRequest(Controller.java:30)
	at java.base/jdk.internal.reflect.DirectMethodHandleAccessor.invoke(DirectMethodHandleAccessor.java:103)
	at java.base/java.lang.reflect.Method.invoke(Method.java:580)
	at org.springframework.web.method.support.InvocableHandlerMethod.doInvoke(InvocableHandlerMethod.java:257)
	at org.springframework.web.method.support.InvocableHandlerMethod.invokeForRequest(InvocableHandlerMethod.java:190)
	at org.springframework.web.servlet.mvc.method.annotation.ServletInvocableHandlerMethod.invokeAndHandle(ServletInvocableHandlerMethod.java:118)
	at org.springframework.web.servlet.mvc.method.annotation.RequestMappingHandlerAdapter.invokeHandlerMethod(RequestMappingHandlerAdapter.java:986)
	at org.springframework.web.servlet.mvc.method.annotation.RequestMappingHandlerAdapter.handleInternal(RequestMappingHandlerAdapter.java:891)
	at org.springframework.web.servlet.mvc.method.AbstractHandlerMethodAdapter.handle(AbstractHandlerMethodAdapter.java:87)
	at org.springframework.web.servlet.DispatcherServlet.doDispatch(DispatcherServlet.java:1088)
	at org.springframework.web.servlet.DispatcherServlet.doService(DispatcherServlet.java:978)
	at org.springframework.web.servlet.FrameworkServlet.processRequest(FrameworkServlet.java:1014)
	at org.springframework.web.servlet.FrameworkServlet.doPost(FrameworkServlet.java:914)
	at jakarta.servlet.http.HttpServlet.service(HttpServlet.java:590)
	at org.springframework.web.servlet.FrameworkServlet.service(FrameworkServlet.java:885)
	at jakarta.servlet.http.HttpServlet.service(HttpServlet.java:658)
	at org.apache.catalina.core.ApplicationFilterChain.internalDoFilter(ApplicationFilterChain.java:195)
	at org.apache.catalina.core.ApplicationFilterChain.doFilter(ApplicationFilterChain.java:140)
	at org.apache.tomcat.websocket.server.WsFilter.doFilter(WsFilter.java:51)
	at org.apache.catalina.core.ApplicationFilterChain.internalDoFilter(ApplicationFilterChain.java:164)
	at org.apache.catalina.core.ApplicationFilterChain.doFilter(ApplicationFilterChain.java:140)
	at org.springframework.web.filter.RequestContextFilter.doFilterInternal(RequestContextFilter.java:100)
	at org.springframework.web.filter.OncePerRequestFilter.doFilter(OncePerRequestFilter.java:116)
	at org.apache.catalina.core.ApplicationFilterChain.internalDoFilter(ApplicationFilterChain.java:164)
	at org.apache.catalina.core.ApplicationFilterChain.doFilter(ApplicationFilterChain.java:140)
	at org.springframework.web.filter.FormContentFilter.doFilterInternal(FormContentFilter.java:93)
	at org.springframework.web.filter.OncePerRequestFilter.doFilter(OncePerRequestFilter.java:116)
	at org.apache.catalina.core.ApplicationFilterChain.internalDoFilter(ApplicationFilterChain.java:164)
	at org.apache.catalina.core.ApplicationFilterChain.doFilter(ApplicationFilterChain.java:140)
	at org.springframework.web.filter.ServerHttpObservationFilter.doFilterInternal(ServerHttpObservationFilter.java:114)
	at org.springframework.web.filter.OncePerRequestFilter.doFilter(OncePerRequestFilter.java:116)
	at org.apache.catalina.core.ApplicationFilterChain.internalDoFilter(ApplicationFilterChain.java:164)
	at org.apache.catalina.core.ApplicationFilterChain.doFilter(ApplicationFilterChain.java:140)
	at org.springframework.web.filter.CharacterEncodingFilter.doFilterInternal(CharacterEncodingFilter.java:201)
	at org.springframework.web.filter.OncePerRequestFilter.doFilter(OncePerRequestFilter.java:116)
	at org.apache.catalina.core.ApplicationFilterChain.internalDoFilter(ApplicationFilterChain.java:164)
	at org.apache.catalina.core.ApplicationFilterChain.doFilter(ApplicationFilterChain.java:140)
	at org.apache.catalina.core.StandardWrapperValve.invoke(StandardWrapperValve.java:167)
	at org.apache.catalina.core.StandardContextValve.invoke(StandardContextValve.java:90)
	at org.apache.catalina.authenticator.AuthenticatorBase.invoke(AuthenticatorBase.java:483)
	at org.apache.catalina.core.StandardHostValve.invoke(StandardHostValve.java:115)
	at org.apache.catalina.valves.ErrorReportValve.invoke(ErrorReportValve.java:93)
	at org.apache.catalina.core.StandardEngineValve.invoke(StandardEngineValve.java:74)
	at org.apache.catalina.connector.CoyoteAdapter.service(CoyoteAdapter.java:344)
	at org.apache.coyote.http11.Http11Processor.service(Http11Processor.java:397)
	at org.apache.coyote.AbstractProcessorLight.process(AbstractProcessorLight.java:63)
	at org.apache.coyote.AbstractProtocol$ConnectionHandler.process(AbstractProtocol.java:905)
	at org.apache.tomcat.util.net.NioEndpoint$SocketProcessor.doRun(NioEndpoint.java:1741)
	at org.apache.tomcat.util.net.SocketProcessorBase.run(SocketProcessorBase.java:52)
	at org.apache.tomcat.util.threads.ThreadPoolExecutor.runWorker(ThreadPoolExecutor.java:1190)
	at org.apache.tomcat.util.threads.ThreadPoolExecutor$Worker.run(ThreadPoolExecutor.java:659)
	at org.apache.tomcat.util.threads.TaskThread$WrappingRunnable.run(TaskThread.java:63)
	at java.base/java.lang.Thread.run(Thread.java:1575)
2025-01-13 20:47:48.994 [SpringApplicationShutdownHook]  INFO  o.s.b.w.e.tomcat.GracefulShutdown - Commencing graceful shutdown. Waiting for active requests to complete
2025-01-13 20:47:50.005 [tomcat-shutdown]  INFO  o.s.b.w.e.tomcat.GracefulShutdown - Graceful shutdown complete
2025-01-13 20:48:43.734 [main]  INFO  c.e.Project3.Project3Application - Starting Project3Application using Java 23.0.1 with PID 66341 (/Users/rajatsingh/Downloads/Project3/build/classes/java/main started by rajatsingh in /Users/rajatsingh/Downloads/Project3)
2025-01-13 20:48:43.735 [main]  INFO  c.e.Project3.Project3Application - No active profile set, falling back to 1 default profile: "default"
2025-01-13 20:48:44.313 [main]  INFO  o.s.b.w.e.tomcat.TomcatWebServer - Tomcat initialized with port 8090 (http)
2025-01-13 20:48:44.322 [main]  INFO  o.a.coyote.http11.Http11NioProtocol - Initializing ProtocolHandler ["http-nio-8090"]
2025-01-13 20:48:44.323 [main]  INFO  o.a.catalina.core.StandardService - Starting service [Tomcat]
2025-01-13 20:48:44.323 [main]  INFO  o.a.catalina.core.StandardEngine - Starting Servlet engine: [Apache Tomcat/10.1.34]
2025-01-13 20:48:44.358 [main]  INFO  o.a.c.c.C.[Tomcat].[localhost].[/] - Initializing Spring embedded WebApplicationContext
2025-01-13 20:48:44.359 [main]  INFO  o.s.b.w.s.c.ServletWebServerApplicationContext - Root WebApplicationContext: initialization completed in 594 ms
2025-01-13 20:48:44.733 [main]  INFO  o.s.b.a.e.web.EndpointLinksResolver - Exposing 1 endpoint beneath base path '/actuator'
2025-01-13 20:48:44.760 [main]  INFO  o.a.coyote.http11.Http11NioProtocol - Starting ProtocolHandler ["http-nio-8090"]
2025-01-13 20:48:44.776 [main]  INFO  o.s.b.w.e.tomcat.TomcatWebServer - Tomcat started on port 8090 (http) with context path '/'
2025-01-13 20:48:44.791 [main]  INFO  c.e.Project3.Project3Application - Started Project3Application in 1.33 seconds (process running for 1.532)
2025-01-13 20:48:48.214 [http-nio-8090-exec-2]  INFO  o.a.c.c.C.[Tomcat].[localhost].[/] - Initializing Spring DispatcherServlet 'dispatcherServlet'
2025-01-13 20:48:48.214 [http-nio-8090-exec-2]  INFO  o.s.web.servlet.DispatcherServlet - Initializing Servlet 'dispatcherServlet'
2025-01-13 20:48:48.215 [http-nio-8090-exec-2]  INFO  o.s.web.servlet.DispatcherServlet - Completed initialization in 1 ms
2025-01-13 20:48:48.309 [http-nio-8090-exec-2] 67852ed86af03ebdbdc346f11c46a021 INFO  c.e.Project3.controller.Controller - Request receive={}NameDate{name='John', surname='Doe'}
2025-01-13 20:48:48.312 [http-nio-8090-exec-2] 67852ed86af03ebdbdc346f11c46a021 INFO  c.e.Project3.service.NameProcessor - Process data =NameDateDto{name='John', surname='null'}
2025-01-13 20:48:48.317 [http-nio-8090-exec-2]  ERROR o.a.c.c.C.[.[.[.[dispatcherServlet] - Servlet.service() for servlet [dispatcherServlet] in context with path [] threw exception [Request processing failed: java.lang.NullPointerException: Cannot invoke "String.isEmpty()" because "str" is null] with root cause
java.lang.NullPointerException: Cannot invoke "String.isEmpty()" because "str" is null
	at java.base/java.lang.String.concat(String.java:2987)
	at com.example.Project3.service.NameProcessor.concatenatedName(NameProcessor.java:18)
	at com.example.Project3.controller.Controller.processRequest(Controller.java:30)
	at java.base/jdk.internal.reflect.DirectMethodHandleAccessor.invoke(DirectMethodHandleAccessor.java:103)
	at java.base/java.lang.reflect.Method.invoke(Method.java:580)
	at org.springframework.web.method.support.InvocableHandlerMethod.doInvoke(InvocableHandlerMethod.java:257)
	at org.springframework.web.method.support.InvocableHandlerMethod.invokeForRequest(InvocableHandlerMethod.java:190)
	at org.springframework.web.servlet.mvc.method.annotation.ServletInvocableHandlerMethod.invokeAndHandle(ServletInvocableHandlerMethod.java:118)
	at org.springframework.web.servlet.mvc.method.annotation.RequestMappingHandlerAdapter.invokeHandlerMethod(RequestMappingHandlerAdapter.java:986)
	at org.springframework.web.servlet.mvc.method.annotation.RequestMappingHandlerAdapter.handleInternal(RequestMappingHandlerAdapter.java:891)
	at org.springframework.web.servlet.mvc.method.AbstractHandlerMethodAdapter.handle(AbstractHandlerMethodAdapter.java:87)
	at org.springframework.web.servlet.DispatcherServlet.doDispatch(DispatcherServlet.java:1088)
	at org.springframework.web.servlet.DispatcherServlet.doService(DispatcherServlet.java:978)
	at org.springframework.web.servlet.FrameworkServlet.processRequest(FrameworkServlet.java:1014)
	at org.springframework.web.servlet.FrameworkServlet.doPost(FrameworkServlet.java:914)
	at jakarta.servlet.http.HttpServlet.service(HttpServlet.java:590)
	at org.springframework.web.servlet.FrameworkServlet.service(FrameworkServlet.java:885)
	at jakarta.servlet.http.HttpServlet.service(HttpServlet.java:658)
	at org.apache.catalina.core.ApplicationFilterChain.internalDoFilter(ApplicationFilterChain.java:195)
	at org.apache.catalina.core.ApplicationFilterChain.doFilter(ApplicationFilterChain.java:140)
	at org.apache.tomcat.websocket.server.WsFilter.doFilter(WsFilter.java:51)
	at org.apache.catalina.core.ApplicationFilterChain.internalDoFilter(ApplicationFilterChain.java:164)
	at org.apache.catalina.core.ApplicationFilterChain.doFilter(ApplicationFilterChain.java:140)
	at org.springframework.web.filter.RequestContextFilter.doFilterInternal(RequestContextFilter.java:100)
	at org.springframework.web.filter.OncePerRequestFilter.doFilter(OncePerRequestFilter.java:116)
	at org.apache.catalina.core.ApplicationFilterChain.internalDoFilter(ApplicationFilterChain.java:164)
	at org.apache.catalina.core.ApplicationFilterChain.doFilter(ApplicationFilterChain.java:140)
	at org.springframework.web.filter.FormContentFilter.doFilterInternal(FormContentFilter.java:93)
	at org.springframework.web.filter.OncePerRequestFilter.doFilter(OncePerRequestFilter.java:116)
	at org.apache.catalina.core.ApplicationFilterChain.internalDoFilter(ApplicationFilterChain.java:164)
	at org.apache.catalina.core.ApplicationFilterChain.doFilter(ApplicationFilterChain.java:140)
	at org.springframework.web.filter.ServerHttpObservationFilter.doFilterInternal(ServerHttpObservationFilter.java:114)
	at org.springframework.web.filter.OncePerRequestFilter.doFilter(OncePerRequestFilter.java:116)
	at org.apache.catalina.core.ApplicationFilterChain.internalDoFilter(ApplicationFilterChain.java:164)
	at org.apache.catalina.core.ApplicationFilterChain.doFilter(ApplicationFilterChain.java:140)
	at org.springframework.web.filter.CharacterEncodingFilter.doFilterInternal(CharacterEncodingFilter.java:201)
	at org.springframework.web.filter.OncePerRequestFilter.doFilter(OncePerRequestFilter.java:116)
	at org.apache.catalina.core.ApplicationFilterChain.internalDoFilter(ApplicationFilterChain.java:164)
	at org.apache.catalina.core.ApplicationFilterChain.doFilter(ApplicationFilterChain.java:140)
	at org.apache.catalina.core.StandardWrapperValve.invoke(StandardWrapperValve.java:167)
	at org.apache.catalina.core.StandardContextValve.invoke(StandardContextValve.java:90)
	at org.apache.catalina.authenticator.AuthenticatorBase.invoke(AuthenticatorBase.java:483)
	at org.apache.catalina.core.StandardHostValve.invoke(StandardHostValve.java:115)
	at org.apache.catalina.valves.ErrorReportValve.invoke(ErrorReportValve.java:93)
	at org.apache.catalina.core.StandardEngineValve.invoke(StandardEngineValve.java:74)
	at org.apache.catalina.connector.CoyoteAdapter.service(CoyoteAdapter.java:344)
	at org.apache.coyote.http11.Http11Processor.service(Http11Processor.java:397)
	at org.apache.coyote.AbstractProcessorLight.process(AbstractProcessorLight.java:63)
	at org.apache.coyote.AbstractProtocol$ConnectionHandler.process(AbstractProtocol.java:905)
	at org.apache.tomcat.util.net.NioEndpoint$SocketProcessor.doRun(NioEndpoint.java:1741)
	at org.apache.tomcat.util.net.SocketProcessorBase.run(SocketProcessorBase.java:52)
	at org.apache.tomcat.util.threads.ThreadPoolExecutor.runWorker(ThreadPoolExecutor.java:1190)
	at org.apache.tomcat.util.threads.ThreadPoolExecutor$Worker.run(ThreadPoolExecutor.java:659)
	at org.apache.tomcat.util.threads.TaskThread$WrappingRunnable.run(TaskThread.java:63)
	at java.base/java.lang.Thread.run(Thread.java:1575)
2025-01-13 20:49:19.025 [SpringApplicationShutdownHook]  INFO  o.s.b.w.e.tomcat.GracefulShutdown - Commencing graceful shutdown. Waiting for active requests to complete
2025-01-13 20:49:20.042 [tomcat-shutdown]  INFO  o.s.b.w.e.tomcat.GracefulShutdown - Graceful shutdown complete
2025-01-13 20:49:57.671 [main]  INFO  c.e.Project3.Project3Application - Starting Project3Application using Java 23.0.1 with PID 66499 (/Users/rajatsingh/Downloads/Project3/build/classes/java/main started by rajatsingh in /Users/rajatsingh/Downloads/Project3)
2025-01-13 20:49:57.672 [main]  INFO  c.e.Project3.Project3Application - No active profile set, falling back to 1 default profile: "default"
2025-01-13 20:49:58.249 [main]  INFO  o.s.b.w.e.tomcat.TomcatWebServer - Tomcat initialized with port 8090 (http)
2025-01-13 20:49:58.262 [main]  INFO  o.a.coyote.http11.Http11NioProtocol - Initializing ProtocolHandler ["http-nio-8090"]
2025-01-13 20:49:58.263 [main]  INFO  o.a.catalina.core.StandardService - Starting service [Tomcat]
2025-01-13 20:49:58.263 [main]  INFO  o.a.catalina.core.StandardEngine - Starting Servlet engine: [Apache Tomcat/10.1.34]
2025-01-13 20:49:58.298 [main]  INFO  o.a.c.c.C.[Tomcat].[localhost].[/] - Initializing Spring embedded WebApplicationContext
2025-01-13 20:49:58.299 [main]  INFO  o.s.b.w.s.c.ServletWebServerApplicationContext - Root WebApplicationContext: initialization completed in 599 ms
2025-01-13 20:49:58.593 [main]  INFO  o.s.b.a.e.web.EndpointLinksResolver - Exposing 1 endpoint beneath base path '/actuator'
2025-01-13 20:49:58.613 [main]  INFO  o.a.coyote.http11.Http11NioProtocol - Starting ProtocolHandler ["http-nio-8090"]
2025-01-13 20:49:58.628 [main]  INFO  o.s.b.w.e.tomcat.TomcatWebServer - Tomcat started on port 8090 (http) with context path '/'
2025-01-13 20:49:58.641 [main]  INFO  c.e.Project3.Project3Application - Started Project3Application in 1.241 seconds (process running for 1.432)
2025-01-13 20:50:01.923 [http-nio-8090-exec-2]  INFO  o.a.c.c.C.[Tomcat].[localhost].[/] - Initializing Spring DispatcherServlet 'dispatcherServlet'
2025-01-13 20:50:01.923 [http-nio-8090-exec-2]  INFO  o.s.web.servlet.DispatcherServlet - Initializing Servlet 'dispatcherServlet'
2025-01-13 20:50:01.924 [http-nio-8090-exec-2]  INFO  o.s.web.servlet.DispatcherServlet - Completed initialization in 1 ms
2025-01-13 20:50:02.018 [http-nio-8090-exec-2] 67852f2117b694af9a41987ed61d7c82 INFO  c.e.Project3.controller.Controller - Request receive={}NameDate{name='John', surname='Doe'}
2025-01-13 20:50:02.019 [http-nio-8090-exec-2] 67852f2117b694af9a41987ed61d7c82 INFO  c.e.Project3.service.NameProcessor - Process data =NameDate{name='John', surname='Doe'}
2025-01-13 20:50:18.282 [SpringApplicationShutdownHook]  INFO  o.s.b.w.e.tomcat.GracefulShutdown - Commencing graceful shutdown. Waiting for active requests to complete
2025-01-13 20:50:20.299 [tomcat-shutdown]  INFO  o.s.b.w.e.tomcat.GracefulShutdown - Graceful shutdown complete
2025-01-13 20:52:22.900 [main]  INFO  c.e.Project3.Project3Application - Starting Project3Application using Java 23.0.1 with PID 66751 (/Users/rajatsingh/Downloads/Project3/build/classes/java/main started by rajatsingh in /Users/rajatsingh/Downloads/Project3)
2025-01-13 20:52:22.901 [main]  INFO  c.e.Project3.Project3Application - No active profile set, falling back to 1 default profile: "default"
2025-01-13 20:52:23.461 [main]  INFO  o.s.b.w.e.tomcat.TomcatWebServer - Tomcat initialized with port 8090 (http)
2025-01-13 20:52:23.468 [main]  INFO  o.a.coyote.http11.Http11NioProtocol - Initializing ProtocolHandler ["http-nio-8090"]
2025-01-13 20:52:23.469 [main]  INFO  o.a.catalina.core.StandardService - Starting service [Tomcat]
2025-01-13 20:52:23.469 [main]  INFO  o.a.catalina.core.StandardEngine - Starting Servlet engine: [Apache Tomcat/10.1.34]
2025-01-13 20:52:23.499 [main]  INFO  o.a.c.c.C.[Tomcat].[localhost].[/] - Initializing Spring embedded WebApplicationContext
2025-01-13 20:52:23.500 [main]  INFO  o.s.b.w.s.c.ServletWebServerApplicationContext - Root WebApplicationContext: initialization completed in 570 ms
2025-01-13 20:52:23.842 [main]  INFO  o.s.b.a.e.web.EndpointLinksResolver - Exposing 1 endpoint beneath base path '/actuator'
2025-01-13 20:52:23.863 [main]  INFO  o.a.coyote.http11.Http11NioProtocol - Starting ProtocolHandler ["http-nio-8090"]
2025-01-13 20:52:23.878 [main]  INFO  o.s.b.w.e.tomcat.TomcatWebServer - Tomcat started on port 8090 (http) with context path '/'
2025-01-13 20:52:23.891 [main]  INFO  c.e.Project3.Project3Application - Started Project3Application in 1.243 seconds (process running for 1.444)
2025-01-13 20:52:27.039 [http-nio-8090-exec-1]  INFO  o.a.c.c.C.[Tomcat].[localhost].[/] - Initializing Spring DispatcherServlet 'dispatcherServlet'
2025-01-13 20:52:27.039 [http-nio-8090-exec-1]  INFO  o.s.web.servlet.DispatcherServlet - Initializing Servlet 'dispatcherServlet'
2025-01-13 20:52:27.040 [http-nio-8090-exec-1]  INFO  o.s.web.servlet.DispatcherServlet - Completed initialization in 1 ms
2025-01-13 20:52:27.096 [http-nio-8090-exec-1] 67852fb30d7a7290b7807a26b5ee1aa5 INFO  c.e.Project3.controller.Controller - Request receive={}NameDate{name='John', surname='Doe'}
2025-01-13 20:52:27.097 [http-nio-8090-exec-1] 67852fb30d7a7290b7807a26b5ee1aa5 INFO  c.e.Project3.service.NameProcessor - Process data =NameDate{name='John', surname='Doe'}
2025-01-13 20:52:34.997 [SpringApplicationShutdownHook]  INFO  o.s.b.w.e.tomcat.GracefulShutdown - Commencing graceful shutdown. Waiting for active requests to complete
2025-01-13 20:52:35.010 [tomcat-shutdown]  INFO  o.s.b.w.e.tomcat.GracefulShutdown - Graceful shutdown complete
2025-01-13 20:52:37.673 [main]  INFO  c.e.Project3.Project3Application - Starting Project3Application using Java 23.0.1 with PID 66771 (/Users/rajatsingh/Downloads/Project3/build/classes/java/main started by rajatsingh in /Users/rajatsingh/Downloads/Project3)
2025-01-13 20:52:37.674 [main]  INFO  c.e.Project3.Project3Application - No active profile set, falling back to 1 default profile: "default"
2025-01-13 20:52:38.238 [main]  INFO  o.s.b.w.e.tomcat.TomcatWebServer - Tomcat initialized with port 8090 (http)
2025-01-13 20:52:38.244 [main]  INFO  o.a.coyote.http11.Http11NioProtocol - Initializing ProtocolHandler ["http-nio-8090"]
2025-01-13 20:52:38.245 [main]  INFO  o.a.catalina.core.StandardService - Starting service [Tomcat]
2025-01-13 20:52:38.245 [main]  INFO  o.a.catalina.core.StandardEngine - Starting Servlet engine: [Apache Tomcat/10.1.34]
2025-01-13 20:52:38.278 [main]  INFO  o.a.c.c.C.[Tomcat].[localhost].[/] - Initializing Spring embedded WebApplicationContext
2025-01-13 20:52:38.278 [main]  INFO  o.s.b.w.s.c.ServletWebServerApplicationContext - Root WebApplicationContext: initialization completed in 576 ms
2025-01-13 20:52:38.700 [main]  INFO  o.s.b.a.e.web.EndpointLinksResolver - Exposing 1 endpoint beneath base path '/actuator'
2025-01-13 20:52:38.719 [main]  INFO  o.a.coyote.http11.Http11NioProtocol - Starting ProtocolHandler ["http-nio-8090"]
2025-01-13 20:52:38.734 [main]  INFO  o.s.b.w.e.tomcat.TomcatWebServer - Tomcat started on port 8090 (http) with context path '/'
2025-01-13 20:52:38.748 [main]  INFO  c.e.Project3.Project3Application - Started Project3Application in 1.327 seconds (process running for 1.51)
2025-01-13 21:01:19.780 [http-nio-8090-exec-1]  INFO  o.a.c.c.C.[Tomcat].[localhost].[/] - Initializing Spring DispatcherServlet 'dispatcherServlet'
2025-01-13 21:01:19.783 [http-nio-8090-exec-1]  INFO  o.s.web.servlet.DispatcherServlet - Initializing Servlet 'dispatcherServlet'
2025-01-13 21:01:19.788 [http-nio-8090-exec-1]  INFO  o.s.web.servlet.DispatcherServlet - Completed initialization in 5 ms
2025-01-13 21:07:34.300 [http-nio-8090-exec-4] 6785333ee3097791a1baee87456f0f28 INFO  c.e.Project3.controller.Controller - Request receive={}NameDate{name='John', surname='Doe'}
2025-01-13 21:07:34.302 [http-nio-8090-exec-4] 6785333ee3097791a1baee87456f0f28 INFO  c.e.Project3.service.NameProcessor - Process data =NameDate{name='John', surname='Doe'}
2025-01-13 21:08:19.461 [http-nio-8090-exec-6] 6785336b5751a4c00c72c02522612276 INFO  c.e.Project3.controller.Controller - Request receive={}NameDate{name='John', surname='Doe'}
2025-01-13 21:08:19.463 [http-nio-8090-exec-6] 6785336b5751a4c00c72c02522612276 INFO  c.e.Project3.service.NameProcessor - Process data =NameDate{name='John', surname='Doe'}
2025-01-13 21:08:36.781 [http-nio-8090-exec-8] 6785337cf824f7d62969e4c4274a136d INFO  c.e.Project3.controller.Controller - Request receive={}NameDate{name='John', surname='Doe'}
2025-01-13 21:08:36.782 [http-nio-8090-exec-8] 6785337cf824f7d62969e4c4274a136d INFO  c.e.Project3.service.NameProcessor - Process data =NameDate{name='John', surname='Doe'}
2025-01-13 21:15:25.010 [http-nio-8090-exec-10] 67853514f6b93d764b06134b99c0646a INFO  c.e.Project3.controller.Controller - Request receive={}NameDate{name='John', surname='Doe'}
2025-01-13 21:15:25.011 [http-nio-8090-exec-10] 67853514f6b93d764b06134b99c0646a INFO  c.e.Project3.service.NameProcessor - Process data =NameDate{name='John', surname='Doe'}
2025-01-13 21:16:09.220 [http-nio-8090-exec-1] 67853541968ffafecbccb92665522d85 INFO  c.e.Project3.controller.Controller - Request receive={}NameDate{name='John', surname='Doe'}
2025-01-13 21:16:09.222 [http-nio-8090-exec-1] 67853541968ffafecbccb92665522d85 INFO  c.e.Project3.service.NameProcessor - Process data =NameDate{name='John', surname='Doe'}
2025-01-13 21:16:39.289 [http-nio-8090-exec-4] 6785355f3d9e591783ed3d712c42ab6e INFO  c.e.Project3.controller.Controller - Request receive={}NameDate{name='John', surname='Doe'}
2025-01-13 21:16:39.290 [http-nio-8090-exec-4] 6785355f3d9e591783ed3d712c42ab6e INFO  c.e.Project3.service.NameProcessor - Process data =NameDate{name='John', surname='Doe'}
2025-01-13 21:17:38.374 [http-nio-8090-exec-6] 6785359a5e0dfaaeed070a044515c161 INFO  c.e.Project3.controller.Controller - Request receive={}NameDate{name='John', surname='Doe'}
2025-01-13 21:17:38.382 [http-nio-8090-exec-6] 6785359a5e0dfaaeed070a044515c161 INFO  c.e.Project3.service.NameProcessor - Process data =NameDate{name='John', surname='Doe'}
2025-01-13 21:19:18.687 [http-nio-8090-exec-8] 678535fee262945d6efd065264dd44c8 INFO  c.e.Project3.controller.Controller - Request receive={}NameDate{name='John', surname='Doe'}
2025-01-13 21:19:18.688 [http-nio-8090-exec-8] 678535fee262945d6efd065264dd44c8 INFO  c.e.Project3.service.NameProcessor - Process data =NameDate{name='John', surname='Doe'}
2025-01-13 21:21:24.963 [http-nio-8090-exec-10] 6785367c3bb55bd7dae6cf255c87b03e INFO  c.e.Project3.controller.Controller - Request receive={}NameDate{name='John', surname='Doe'}
2025-01-13 21:21:24.967 [http-nio-8090-exec-10] 6785367c3bb55bd7dae6cf255c87b03e INFO  c.e.Project3.service.NameProcessor - Process data =NameDate{name='John', surname='Doe'}
2025-01-13 21:21:58.281 [http-nio-8090-exec-1] 6785369e2a2634f5f191ab707169434a INFO  c.e.Project3.controller.Controller - Request receive={}NameDate{name='John', surname='Doe'}
2025-01-13 21:21:58.284 [http-nio-8090-exec-1] 6785369e2a2634f5f191ab707169434a INFO  c.e.Project3.service.NameProcessor - Process data =NameDate{name='John', surname='Doe'}
2025-01-13 21:28:33.431 [http-nio-8090-exec-4] 6785382970f871b67833b4ffb3fe3608 INFO  c.e.Project3.controller.Controller - Request receive={}NameDate{name='John', surname='Doe'}
2025-01-13 21:28:33.432 [http-nio-8090-exec-4] 6785382970f871b67833b4ffb3fe3608 INFO  c.e.Project3.service.NameProcessor - Process data =NameDate{name='John', surname='Doe'}
2025-01-13 21:29:15.882 [http-nio-8090-exec-5] 678538531cc181ec8c9428f77ca27afa INFO  c.e.Project3.controller.Controller - Request receive={}NameDate{name='John', surname='Doe'}
2025-01-13 21:29:15.884 [http-nio-8090-exec-5] 678538531cc181ec8c9428f77ca27afa INFO  c.e.Project3.service.NameProcessor - Process data =NameDate{name='John', surname='Doe'}
2025-01-13 21:34:11.202 [http-nio-8090-exec-7] 6785397b6297569c530b62f6685b2ea2 INFO  c.e.Project3.controller.Controller - Request receive={}NameDate{name='John', surname='Doe'}
2025-01-13 21:34:11.204 [http-nio-8090-exec-7] 6785397b6297569c530b62f6685b2ea2 INFO  c.e.Project3.service.NameProcessor - Process data =NameDate{name='John', surname='Doe'}
2025-01-13 21:34:51.891 [SpringApplicationShutdownHook]  INFO  o.s.b.w.e.tomcat.GracefulShutdown - Commencing graceful shutdown. Waiting for active requests to complete
2025-01-13 21:34:52.550 [tomcat-shutdown]  INFO  o.s.b.w.e.tomcat.GracefulShutdown - Graceful shutdown complete
2025-01-13 21:35:19.615 [main]  INFO  c.e.Project3.Project3Application - Starting Project3Application using Java 23.0.1 with PID 69772 (/Users/rajatsingh/Downloads/Project3/build/classes/java/main started by rajatsingh in /Users/rajatsingh/Downloads/Project3)
2025-01-13 21:35:19.617 [main]  INFO  c.e.Project3.Project3Application - No active profile set, falling back to 1 default profile: "default"
2025-01-13 21:35:20.165 [main]  INFO  o.s.b.w.e.tomcat.TomcatWebServer - Tomcat initialized with port 8090 (http)
2025-01-13 21:35:20.171 [main]  INFO  o.a.coyote.http11.Http11NioProtocol - Initializing ProtocolHandler ["http-nio-8090"]
2025-01-13 21:35:20.176 [main]  INFO  o.a.catalina.core.StandardService - Starting service [Tomcat]
2025-01-13 21:35:20.176 [main]  INFO  o.a.catalina.core.StandardEngine - Starting Servlet engine: [Apache Tomcat/10.1.34]
2025-01-13 21:35:20.209 [main]  INFO  o.a.c.c.C.[Tomcat].[localhost].[/] - Initializing Spring embedded WebApplicationContext
2025-01-13 21:35:20.209 [main]  INFO  o.s.b.w.s.c.ServletWebServerApplicationContext - Root WebApplicationContext: initialization completed in 560 ms
2025-01-13 21:35:20.482 [main]  INFO  o.s.b.a.e.web.EndpointLinksResolver - Exposing 1 endpoint beneath base path '/actuator'
2025-01-13 21:35:20.500 [main]  INFO  o.a.coyote.http11.Http11NioProtocol - Starting ProtocolHandler ["http-nio-8090"]
2025-01-13 21:35:20.515 [main]  INFO  o.s.b.w.e.tomcat.TomcatWebServer - Tomcat started on port 8090 (http) with context path '/'
2025-01-13 21:35:20.529 [main]  INFO  c.e.Project3.Project3Application - Started Project3Application in 1.164 seconds (process running for 1.383)
